#
# There is insufficient memory for the Java Runtime Environment to continue.
# Native memory allocation (malloc) failed to allocate 1664496 bytes for Chunk::new
# Possible reasons:
#   The system is out of physical RAM or swap space
#   The process is running with CompressedOops enabled, and the Java Heap may be blocking the growth of the native heap
# Possible solutions:
#   Reduce memory load on the system
#   Increase physical memory or swap space
#   Check if swap backing store is full
#   Decrease Java heap size (-Xmx/-Xms)
#   Decrease number of Java threads
#   Decrease Java thread stack sizes (-Xss)
#   Set larger code cache with -XX:ReservedCodeCacheSize=
#   JVM is running with Unscaled Compressed Oops mode in which the Java heap is
#     placed in the first 4GB address space. The Java Heap base address is the
#     maximum limit for the native heap growth. Please use -XX:HeapBaseMinAddress
#     to set the Java Heap base and to place the Java Heap above 4GB virtual address.
# This output file may be truncated or incomplete.
#
#  Out of Memory Error (allocation.cpp:389), pid=17316, tid=0x0000000000002ef0
#
# JRE version: OpenJDK Runtime Environment (8.0_242-b01) (build 1.8.0_242-release-1644-b01)
# Java VM: OpenJDK 64-Bit Server VM (25.242-b01 mixed mode windows-amd64 compressed oops)
# Failed to write core dump. Minidumps are not enabled by default on client versions of Windows
#

---------------  T H R E A D  ---------------

Current thread (0x00000000176f9800):  JavaThread "C2 CompilerThread1" daemon [_thread_in_native, id=12016, stack(0x0000000018e40000,0x0000000018f40000)]

Stack: [0x0000000018e40000,0x0000000018f40000]
[error occurred during error reporting (printing stack bounds), id 0xc0000005]

Native frames: (J=compiled Java code, j=interpreted, Vv=VM code, C=native code)


Current CompileTask:
C2: 635465 19614   !   4       java.io.ObjectOutputStream::writeObject0 (619 bytes)


---------------  P R O C E S S  ---------------

Java Threads: ( => current thread )
  0x00000000202b1800 JavaThread "stdout" [_thread_in_native, id=10428, stack(0x0000000031d30000,0x0000000031e30000)]
  0x00000000202b1000 JavaThread "stderr" [_thread_in_native, id=12828, stack(0x0000000031c30000,0x0000000031d30000)]
  0x00000000202b0000 JavaThread "stdout" [_thread_blocked, id=17028, stack(0x0000000031b30000,0x0000000031c30000)]
  0x00000000202aa000 JavaThread "stderr" [_thread_blocked, id=6544, stack(0x0000000031a30000,0x0000000031b30000)]
  0x00000000202a8800 JavaThread "stdout" [_thread_blocked, id=9648, stack(0x0000000031930000,0x0000000031a30000)]
  0x00000000202af800 JavaThread "stderr" [_thread_blocked, id=8208, stack(0x0000000031830000,0x0000000031930000)]
  0x00000000202a8000 JavaThread "stdout" [_thread_in_native, id=11772, stack(0x0000000031730000,0x0000000031830000)]
  0x00000000202ae800 JavaThread "stderr" [_thread_in_native, id=9720, stack(0x0000000031630000,0x0000000031730000)]
  0x00000000202ae000 JavaThread "pool-7-thread-1" [_thread_blocked, id=10416, stack(0x0000000031530000,0x0000000031630000)]
  0x00000000202ad000 JavaThread "WorkerExecutor Queue Thread 5" [_thread_blocked, id=9252, stack(0x00000000310e0000,0x00000000311e0000)]
  0x00000000202ab800 JavaThread "MarlinRenderer Disposer" daemon [_thread_blocked, id=11500, stack(0x0000000031230000,0x0000000031330000)]
  0x00000000202ac800 JavaThread "Java2D Disposer" daemon [_thread_blocked, id=14100, stack(0x0000000030fe0000,0x00000000310e0000)]
  0x00000000202a5800 JavaThread "WorkerExecutor Queue Thread 4" [_thread_blocked, id=2744, stack(0x00000000307a0000,0x00000000308a0000)]
  0x00000000202a6000 JavaThread "WorkerExecutor Queue Thread 3" [_thread_blocked, id=3292, stack(0x00000000309e0000,0x0000000030ae0000)]
  0x00000000202ab000 JavaThread "WorkerExecutor Queue Thread 2" [_thread_blocked, id=17200, stack(0x00000000308e0000,0x00000000309e0000)]
  0x000000002e249800 JavaThread "WorkerExecutor Queue" [_thread_blocked_trans, id=14164, stack(0x00000000306a0000,0x00000000307a0000)]
  0x000000002e24b000 JavaThread "Cache worker for execution history cache (C:\Users\lenovo\SalesManagementSystem\.gradle\6.5\executionHistory)" [_thread_blocked, id=9140, stack(0x00000000305a0000,0x00000000306a0000)]
  0x000000002e248800 JavaThread "Execution worker for ':' Thread 3" [_thread_blocked, id=13988, stack(0x000000002d090000,0x000000002d190000)]
  0x000000002e24e800 JavaThread "Execution worker for ':' Thread 2" [_thread_blocked, id=10248, stack(0x000000002b3c0000,0x000000002b4c0000)]
  0x000000002e24e000 JavaThread "Execution worker for ':'" [_thread_blocked, id=16748, stack(0x000000002aac0000,0x000000002abc0000)]
  0x000000002e248000 JavaThread "Cache worker for file content cache (C:\Users\lenovo\SalesManagementSystem\.gradle\6.5\fileContent)" [_thread_blocked, id=18248, stack(0x000000002a7c0000,0x000000002a8c0000)]
  0x000000002e24c800 JavaThread "Cache worker for Build Output Cleanup Cache (C:\Users\lenovo\SalesManagementSystem\.gradle\buildOutputCleanup)" [_thread_blocked, id=11720, stack(0x0000000027070000,0x0000000027170000)]
  0x000000002e24d000 JavaThread "jar transforms Thread 276" [_thread_blocked, id=7108, stack(0x000000002a4c0000,0x000000002a5c0000)]
  0x000000002e24a000 JavaThread "jar transforms Thread 275" [_thread_blocked, id=10940, stack(0x000000002a3c0000,0x000000002a4c0000)]
  0x000000002e240800 JavaThread "jar transforms Thread 274" [_thread_blocked, id=9408, stack(0x0000000029cc0000,0x0000000029dc0000)]
  0x000000002e247000 JavaThread "jar transforms Thread 273" [_thread_blocked, id=17684, stack(0x00000000297b0000,0x00000000298b0000)]
  0x000000002e245000 JavaThread "jar transforms Thread 272" [_thread_blocked, id=14448, stack(0x00000000294b0000,0x00000000295b0000)]
  0x000000002e244000 JavaThread "jar transforms Thread 271" [_thread_blocked, id=8924, stack(0x0000000028260000,0x0000000028360000)]
  0x000000002e23f800 JavaThread "jar transforms Thread 270" [_thread_blocked, id=11400, stack(0x0000000027eb0000,0x0000000027fb0000)]
  0x000000002e243800 JavaThread "jar transforms Thread 269" [_thread_blocked, id=11744, stack(0x0000000027db0000,0x0000000027eb0000)]
  0x000000002e242000 JavaThread "jar transforms Thread 268" [_thread_blocked, id=15296, stack(0x0000000027cb0000,0x0000000027db0000)]
  0x000000002e246800 JavaThread "jar transforms Thread 267" [_thread_blocked, id=12440, stack(0x0000000027bb0000,0x0000000027cb0000)]
  0x000000002e241000 JavaThread "jar transforms Thread 266" [_thread_blocked, id=13968, stack(0x0000000027ab0000,0x0000000027bb0000)]
  0x000000002e242800 JavaThread "jar transforms Thread 265" [_thread_blocked, id=15548, stack(0x00000000279b0000,0x0000000027ab0000)]
  0x000000002e245800 JavaThread "jar transforms Thread 264" [_thread_blocked, id=14020, stack(0x00000000278b0000,0x00000000279b0000)]
  0x000000002e25e800 JavaThread "jar transforms Thread 263" [_thread_blocked, id=15584, stack(0x00000000277b0000,0x00000000278b0000)]
  0x000000002e25e000 JavaThread "jar transforms Thread 262" [_thread_blocked, id=8044, stack(0x00000000276b0000,0x00000000277b0000)]
  0x000000002e25d000 JavaThread "jar transforms Thread 261" [_thread_blocked, id=16216, stack(0x00000000275b0000,0x00000000276b0000)]
  0x000000002e25c800 JavaThread "jar transforms Thread 260" [_thread_blocked, id=8100, stack(0x00000000274b0000,0x00000000275b0000)]
  0x000000002e25b800 JavaThread "jar transforms Thread 259" [_thread_blocked, id=9640, stack(0x00000000273b0000,0x00000000274b0000)]
  0x000000002e25b000 JavaThread "jar transforms Thread 258" [_thread_blocked, id=7736, stack(0x00000000272b0000,0x00000000273b0000)]
  0x000000002e25a000 JavaThread "jar transforms Thread 257" [_thread_blocked, id=17268, stack(0x00000000271b0000,0x00000000272b0000)]
  0x000000002e259800 JavaThread "jar transforms Thread 256" [_thread_blocked, id=12248, stack(0x0000000024b60000,0x0000000024c60000)]
  0x000000002e252000 JavaThread "jar transforms Thread 255" [_thread_blocked, id=14192, stack(0x0000000026f70000,0x0000000027070000)]
  0x000000002e258800 JavaThread "jar transforms Thread 254" [_thread_blocked, id=11268, stack(0x0000000026e70000,0x0000000026f70000)]
  0x000000002e258000 JavaThread "jar transforms Thread 253" [_thread_blocked, id=17124, stack(0x0000000026d70000,0x0000000026e70000)]
  0x000000002e255000 JavaThread "jar transforms Thread 252" [_thread_blocked, id=3244, stack(0x0000000026c70000,0x0000000026d70000)]
  0x000000002e250800 JavaThread "jar transforms Thread 251" [_thread_blocked, id=2684, stack(0x0000000026b70000,0x0000000026c70000)]
  0x000000002e257000 JavaThread "jar transforms Thread 250" [_thread_blocked, id=11832, stack(0x0000000026a70000,0x0000000026b70000)]
  0x000000002e254000 JavaThread "jar transforms Thread 249" [_thread_blocked, id=1108, stack(0x0000000026970000,0x0000000026a70000)]
  0x000000002e24f800 JavaThread "jar transforms Thread 248" [_thread_blocked, id=15524, stack(0x0000000026870000,0x0000000026970000)]
  0x000000002e256800 JavaThread "jar transforms Thread 247" [_thread_blocked, id=15456, stack(0x0000000026770000,0x0000000026870000)]
  0x000000002e255800 JavaThread "jar transforms Thread 246" [_thread_blocked, id=7928, stack(0x0000000026670000,0x0000000026770000)]
  0x000000002e252800 JavaThread "jar transforms Thread 245" [_thread_blocked, id=16572, stack(0x0000000026570000,0x0000000026670000)]
  0x000000002e251000 JavaThread "jar transforms Thread 244" [_thread_blocked, id=8792, stack(0x0000000026470000,0x0000000026570000)]
  0x000000002e253800 JavaThread "jar transforms Thread 243" [_thread_blocked, id=13556, stack(0x0000000026370000,0x0000000026470000)]
  0x000000001b3e3800 JavaThread "jar transforms Thread 242" [_thread_blocked, id=2740, stack(0x0000000026270000,0x0000000026370000)]
  0x000000001b3e3000 JavaThread "jar transforms Thread 241" [_thread_blocked, id=956, stack(0x0000000026170000,0x0000000026270000)]
  0x000000001b3e4800 JavaThread "jar transforms Thread 240" [_thread_blocked, id=6244, stack(0x0000000026070000,0x0000000026170000)]
  0x000000001b3e2000 JavaThread "jar transforms Thread 239" [_thread_blocked, id=15948, stack(0x0000000025f70000,0x0000000026070000)]
  0x000000001b3e1000 JavaThread "jar transforms Thread 238" [_thread_blocked, id=5516, stack(0x0000000025e70000,0x0000000025f70000)]
  0x000000001b3e0800 JavaThread "jar transforms Thread 237" [_thread_blocked, id=18060, stack(0x0000000025d70000,0x0000000025e70000)]
  0x000000001e455000 JavaThread "jar transforms Thread 236" [_thread_blocked, id=10392, stack(0x0000000025c70000,0x0000000025d70000)]
  0x000000001e454000 JavaThread "jar transforms Thread 235" [_thread_blocked, id=3444, stack(0x0000000025b70000,0x0000000025c70000)]
  0x000000001e44c800 JavaThread "jar transforms Thread 234" [_thread_blocked, id=15192, stack(0x0000000025a70000,0x0000000025b70000)]
  0x000000001e44f000 JavaThread "jar transforms Thread 233" [_thread_blocked, id=17424, stack(0x0000000025970000,0x0000000025a70000)]
  0x000000001e453800 JavaThread "jar transforms Thread 232" [_thread_blocked, id=14440, stack(0x0000000025870000,0x0000000025970000)]
  0x000000001e44e000 JavaThread "jar transforms Thread 231" [_thread_blocked, id=14772, stack(0x0000000025770000,0x0000000025870000)]
  0x000000001e451000 JavaThread "jar transforms Thread 230" [_thread_blocked, id=8888, stack(0x0000000025670000,0x0000000025770000)]
  0x000000001e447800 JavaThread "jar transforms Thread 229" [_thread_blocked, id=8248, stack(0x0000000025570000,0x0000000025670000)]
  0x000000001e44d800 JavaThread "jar transforms Thread 228" [_thread_blocked, id=5736, stack(0x0000000025470000,0x0000000025570000)]
  0x000000001e44c000 JavaThread "jar transforms Thread 227" [_thread_blocked, id=17372, stack(0x0000000025370000,0x0000000025470000)]
  0x000000001e449000 JavaThread "jar transforms Thread 226" [_thread_blocked, id=3340, stack(0x0000000025270000,0x0000000025370000)]
  0x000000001e44a800 JavaThread "jar transforms Thread 225" [_thread_blocked, id=1956, stack(0x0000000025170000,0x0000000025270000)]
  0x000000002c973000 JavaThread "jar transforms Thread 224" [_thread_blocked, id=17940, stack(0x0000000025070000,0x0000000025170000)]
  0x000000002c96d800 JavaThread "jar transforms Thread 223" [_thread_blocked, id=8528, stack(0x0000000024f70000,0x0000000025070000)]
  0x000000002c96e800 JavaThread "jar transforms Thread 222" [_thread_blocked, id=15696, stack(0x0000000024e70000,0x0000000024f70000)]
  0x000000002c971800 JavaThread "jar transforms Thread 221" [_thread_blocked, id=6788, stack(0x0000000024d70000,0x0000000024e70000)]
  0x000000002c970800 JavaThread "jar transforms Thread 220" [_thread_blocked, id=11496, stack(0x0000000024c70000,0x0000000024d70000)]
  0x000000002c973800 JavaThread "jar transforms Thread 219" [_thread_blocked, id=11760, stack(0x0000000024a60000,0x0000000024b60000)]
  0x000000002c970000 JavaThread "jar transforms Thread 218" [_thread_blocked, id=8800, stack(0x0000000024960000,0x0000000024a60000)]
  0x000000002c972000 JavaThread "jar transforms Thread 217" [_thread_blocked, id=6120, stack(0x0000000024860000,0x0000000024960000)]
  0x000000002c967800 JavaThread "jar transforms Thread 216" [_thread_blocked, id=13496, stack(0x0000000024760000,0x0000000024860000)]
  0x000000002c96c000 JavaThread "jar transforms Thread 215" [_thread_blocked, id=13160, stack(0x0000000024660000,0x0000000024760000)]
  0x000000002c965000 JavaThread "jar transforms Thread 214" [_thread_blocked, id=16948, stack(0x0000000024560000,0x0000000024660000)]
  0x000000002c966800 JavaThread "jar transforms Thread 213" [_thread_blocked, id=4788, stack(0x0000000024460000,0x0000000024560000)]
  0x000000002c966000 JavaThread "jar transforms Thread 212" [_thread_blocked, id=10068, stack(0x0000000024360000,0x0000000024460000)]
  0x000000002c964800 JavaThread "jar transforms Thread 211" [_thread_blocked, id=18020, stack(0x0000000024260000,0x0000000024360000)]
  0x000000002c96b800 JavaThread "jar transforms Thread 210" [_thread_blocked, id=6344, stack(0x0000000024160000,0x0000000024260000)]
  0x000000002c969000 JavaThread "jar transforms Thread 209" [_thread_blocked, id=6800, stack(0x0000000024060000,0x0000000024160000)]
  0x000000002c96a800 JavaThread "jar transforms Thread 208" [_thread_blocked, id=15004, stack(0x0000000023f60000,0x0000000024060000)]
  0x000000002c969800 JavaThread "jar transforms Thread 207" [_thread_blocked, id=4352, stack(0x0000000023e60000,0x0000000023f60000)]
  0x000000001a3a3000 JavaThread "jar transforms Thread 206" [_thread_blocked, id=5892, stack(0x0000000023d60000,0x0000000023e60000)]
  0x000000001a3a2800 JavaThread "jar transforms Thread 205" [_thread_blocked, id=9804, stack(0x0000000023c60000,0x0000000023d60000)]
  0x000000001a3a4800 JavaThread "jar transforms Thread 204" [_thread_blocked, id=18420, stack(0x0000000023b60000,0x0000000023c60000)]
  0x000000001a3a1000 JavaThread "jar transforms Thread 203" [_thread_blocked, id=7696, stack(0x0000000023a60000,0x0000000023b60000)]
  0x000000001a3a1800 JavaThread "jar transforms Thread 202" [_thread_blocked, id=3144, stack(0x0000000023960000,0x0000000023a60000)]
  0x000000001a3a0000 JavaThread "jar transforms Thread 201" [_thread_blocked, id=6604, stack(0x0000000023660000,0x0000000023760000)]
  0x000000001a39f800 JavaThread "jar transforms Thread 200" [_thread_blocked, id=16028, stack(0x0000000023360000,0x0000000023460000)]
  0x000000001a3a5800 JavaThread "jar transforms Thread 199" [_thread_blocked, id=6156, stack(0x0000000023260000,0x0000000023360000)]
  0x000000001a3a6800 JavaThread "jar transforms Thread 198" [_thread_blocked, id=14916, stack(0x0000000023160000,0x0000000023260000)]
  0x000000001a3a4000 JavaThread "jar transforms Thread 197" [_thread_blocked, id=5420, stack(0x0000000023060000,0x0000000023160000)]
  0x000000001a398000 JavaThread "jar transforms Thread 196" [_thread_blocked, id=17104, stack(0x0000000022f60000,0x0000000023060000)]
  0x000000001a39b000 JavaThread "jar transforms Thread 195" [_thread_blocked, id=5560, stack(0x0000000022e60000,0x0000000022f60000)]
  0x000000001a39e800 JavaThread "jar transforms Thread 194" [_thread_blocked, id=11660, stack(0x0000000022c60000,0x0000000022d60000)]
  0x000000001a39a000 JavaThread "jar transforms Thread 193" [_thread_blocked, id=8920, stack(0x0000000022b60000,0x0000000022c60000)]
  0x000000001a39b800 JavaThread "jar transforms Thread 192" [_thread_blocked, id=11316, stack(0x0000000022a60000,0x0000000022b60000)]
  0x000000001a397000 JavaThread "jar transforms Thread 191" [_thread_blocked, id=15972, stack(0x0000000022960000,0x0000000022a60000)]
  0x000000001a39e000 JavaThread "jar transforms Thread 190" [_thread_blocked, id=16200, stack(0x0000000022860000,0x0000000022960000)]
  0x000000001a398800 JavaThread "jar transforms Thread 189" [_thread_blocked, id=15108, stack(0x0000000022760000,0x0000000022860000)]
  0x000000001da55000 JavaThread "jar transforms Thread 188" [_thread_blocked, id=10696, stack(0x0000000022660000,0x0000000022760000)]
  0x000000001da53800 JavaThread "jar transforms Thread 187" [_thread_blocked, id=12812, stack(0x0000000022560000,0x0000000022660000)]
  0x000000001da54000 JavaThread "jar transforms Thread 186" [_thread_blocked, id=16000, stack(0x0000000022460000,0x0000000022560000)]
  0x000000001da4c000 JavaThread "jar transforms Thread 185" [_thread_blocked, id=6580, stack(0x0000000022360000,0x0000000022460000)]
  0x000000001da52800 JavaThread "Build operations Thread 4" [_thread_blocked, id=11292, stack(0x0000000022260000,0x0000000022360000)]
  0x000000001da52000 JavaThread "Build operations Thread 3" [_thread_blocked, id=17048, stack(0x0000000022160000,0x0000000022260000)]
  0x000000001da4f800 JavaThread "Build operations Thread 2" [_thread_blocked, id=10832, stack(0x0000000022060000,0x0000000022160000)]
  0x000000001da51000 JavaThread "Build operations" [_thread_blocked, id=18124, stack(0x0000000021860000,0x0000000021960000)]
  0x000000001da4e000 JavaThread "Cache worker for cache directory md-rule (C:\Users\lenovo\.gradle\caches\6.5\md-rule)" [_thread_blocked, id=13380, stack(0x0000000021060000,0x0000000021160000)]
  0x000000001da48000 JavaThread "Cache worker for cache directory md-supplier (C:\Users\lenovo\.gradle\caches\6.5\md-supplier)" [_thread_blocked, id=6876, stack(0x0000000020f60000,0x0000000021060000)]
  0x000000001da4f000 JavaThread "Cache worker for checksums cache (C:\Users\lenovo\SalesManagementSystem\.gradle\checksums)" [_thread_blocked, id=12964, stack(0x000000001fc00000,0x000000001fd00000)]
  0x000000001da4d800 JavaThread "Cache worker for file hash cache (C:\Users\lenovo\SalesManagementSystem\.gradle\6.5\fileHashes)" [_thread_blocked, id=10320, stack(0x000000001f900000,0x000000001fa00000)]
  0x000000001da4c800 JavaThread "Thread-247" [_thread_blocked, id=12484, stack(0x000000001d160000,0x000000001d260000)]
  0x000000001da49800 JavaThread "Stdin handler" [_thread_blocked, id=13500, stack(0x000000001ce60000,0x000000001cf60000)]
  0x000000001da46800 JavaThread "Asynchronous log dispatcher for DefaultDaemonConnection: socket connection from /127.0.0.1:53270 to /127.0.0.1:53660" [_thread_blocked, id=15604, stack(0x000000001cd60000,0x000000001ce60000)]
  0x000000001da4a800 JavaThread "Daemon worker Thread 3" [_thread_blocked, id=4592, stack(0x000000001ca60000,0x000000001cb60000)]
  0x000000001da49000 JavaThread "Cancel handler" [_thread_blocked, id=4808, stack(0x000000001c960000,0x000000001ca60000)]
  0x000000001da4b000 JavaThread "Handler for socket connection from /127.0.0.1:53270 to /127.0.0.1:53660" [_thread_in_native, id=816, stack(0x0000000000f20000,0x0000000001020000)]
  0x000000001da47800 JavaThread "Daemon Thread 3" [_thread_blocked, id=17348, stack(0x0000000000d20000,0x0000000000e20000)]
  0x000000001e44b000 JavaThread "Cache worker for Java compile cache (C:\Users\lenovo\.gradle\caches\6.5\javaCompile)" [_thread_blocked, id=3032, stack(0x0000000000e20000,0x0000000000f20000)]
  0x000000001da55800 JavaThread "Memory manager" [_thread_blocked, id=8524, stack(0x0000000028360000,0x0000000028460000)]
  0x000000001b3e5000 JavaThread "Cache worker for file content cache (C:\Users\lenovo\.gradle\caches\6.5\fileContent)" [_thread_blocked, id=14932, stack(0x0000000021960000,0x0000000021a60000)]
  0x000000001b3df000 JavaThread "Cache worker for execution history cache (C:\Users\lenovo\.gradle\caches\6.5\executionHistory)" [_thread_blocked, id=11548, stack(0x0000000021160000,0x0000000021260000)]
  0x000000001b3e6000 JavaThread "Cache worker for file hash cache (C:\Users\lenovo\.gradle\caches\6.5\fileHashes)" [_thread_blocked, id=8308, stack(0x000000001d660000,0x000000001d760000)]
  0x000000001b3df800 JavaThread "File lock request listener" [_thread_in_native, id=9696, stack(0x000000001d560000,0x000000001d660000)]
  0x0000000019913800 JavaThread "Cache worker for journal cache (C:\Users\lenovo\.gradle\caches\journal-1)" [_thread_blocked, id=9936, stack(0x000000001d460000,0x000000001d560000)]
  0x000000001b0fc000 JavaThread "Daemon periodic checks" [_thread_blocked, id=11324, stack(0x000000001c860000,0x000000001c960000)]
  0x000000001b09d000 JavaThread "Incoming local TCP Connector on port 53270" [_thread_in_native, id=16688, stack(0x000000001c620000,0x000000001c720000)]
  0x000000001afdd800 JavaThread "Daemon health stats" [_thread_blocked, id=17236, stack(0x000000001bfe0000,0x000000001c0e0000)]
  0x000000001774d000 JavaThread "Service Thread" daemon [_thread_blocked, id=7412, stack(0x0000000019440000,0x0000000019540000)]
  0x000000001770a800 JavaThread "C1 CompilerThread2" daemon [_thread_in_vm, id=17448, stack(0x0000000018f40000,0x0000000019040000)]
=>0x00000000176f9800 JavaThread "C2 CompilerThread1" daemon [_thread_in_native, id=12016, stack(0x0000000018e40000,0x0000000018f40000)]
  0x00000000176f5800 JavaThread "C2 CompilerThread0" daemon [_thread_in_native, id=6320, stack(0x0000000018d40000,0x0000000018e40000)]
  0x00000000176f4000 JavaThread "Attach Listener" daemon [_thread_blocked, id=9472, stack(0x0000000018c40000,0x0000000018d40000)]
  0x00000000176f2800 JavaThread "Signal Dispatcher" daemon [_thread_blocked, id=16452, stack(0x0000000018b40000,0x0000000018c40000)]
  0x0000000002acb000 JavaThread "Finalizer" daemon [_thread_blocked, id=14704, stack(0x0000000018940000,0x0000000018a40000)]
  0x00000000176d9000 JavaThread "Reference Handler" daemon [_thread_blocked, id=12640, stack(0x0000000018840000,0x0000000018940000)]
  0x000000000299e000 JavaThread "main" [_thread_blocked, id=16036, stack(0x00000000027f0000,0x00000000028f0000)]

Other Threads:
  0x00000000176b7000 VMThread [stack: 0x0000000018740000,0x0000000018840000] [id=12472]
  0x000000001774d800 WatcherThread [stack: 0x0000000019540000,0x0000000019640000] [id=9572]

VM state:not at safepoint (normal execution)

VM Mutex/Monitor currently owned by a thread: None

heap address: 0x0000000080000000, size: 2048 MB, Compressed Oops mode: 32-bit
Narrow klass base: 0x0000000000000000, Narrow klass shift: 3
Compressed class space size: 1073741824 Address: 0x0000000100000000

Heap:
 PSYoungGen      total 453120K, used 175659K [0x00000000d5580000, 0x00000000f3f80000, 0x0000000100000000)
  eden space 412672K, 35% used [0x00000000d5580000,0x00000000de465a68,0x00000000ee880000)
  from space 40448K, 72% used [0x00000000f1280000,0x00000000f2f253e0,0x00000000f3a00000)
  to   space 43008K, 0% used [0x00000000ee880000,0x00000000ee880000,0x00000000f1280000)
 ParOldGen       total 262144K, used 55636K [0x0000000080000000, 0x0000000090000000, 0x00000000d5580000)
  object space 262144K, 21% used [0x0000000080000000,0x0000000083655018,0x0000000090000000)
 Metaspace       used 110066K, capacity 115750K, committed 116248K, reserved 1150976K
  class space    used 14361K, capacity 15493K, committed 15664K, reserved 1048576K

Card table byte_map: [0x0000000011e90000,0x00000000122a0000] byte_map_base: 0x0000000011a90000

Marking Bits: (ParMarkBitMap*) 0x000000006aa5f030
 Begin Bits: [0x0000000012950000, 0x0000000014950000)
 End Bits:   [0x0000000014950000, 0x0000000016950000)

Polling page: 0x00000000011b0000

CodeCache: size=245760Kb used=54746Kb max_used=54746Kb free=191013Kb
 bounds [0x0000000002ad0000, 0x0000000006090000, 0x0000000011ad0000]
 total_blobs=17138 nmethods=16116 adapters=932
 compilation: enabled

Compilation events (10 events):
Event: 635.080 Thread 0x000000001770a800 19624       3       org.gradle.api.internal.tasks.properties.bean.RuntimeBeanNodeFactory::createRoot (22 bytes)
Event: 635.081 Thread 0x000000001770a800 nmethod 19624 0x000000000607d490 code [0x000000000607d660, 0x000000000607de38]
Event: 635.083 Thread 0x000000001770a800 19625       3       org.gradle.api.internal.tasks.properties.bean.RootRuntimeBeanNode::visitNode (10 bytes)
Event: 635.083 Thread 0x000000001770a800 nmethod 19625 0x00000000035f9a90 code [0x00000000035f9c00, 0x00000000035f9e08]
Event: 635.087 Thread 0x000000001770a800 19626       1       java.util.Spliterators$EmptySpliterator::estimateSize (2 bytes)
Event: 635.088 Thread 0x000000001770a800 nmethod 19626 0x00000000035a1290 code [0x00000000035a13e0, 0x00000000035a14f0]
Event: 635.133 Thread 0x000000001770a800 19627       3       sun.nio.cs.StreamEncoder::<init> (61 bytes)
Event: 635.134 Thread 0x000000001770a800 nmethod 19627 0x000000000607c950 code [0x000000000607cb00, 0x000000000607d198]
Event: 635.139 Thread 0x000000001770a800 19628       3       sun.nio.cs.StreamEncoder::<init> (23 bytes)
Event: 635.139 Thread 0x000000001770a800 nmethod 19628 0x0000000003dc0090 code [0x0000000003dc0240, 0x0000000003dc08b8]

GC Heap History (10 events):
Event: 44.154 GC heap before
{Heap before GC invocations=14 (full 3):
 PSYoungGen      total 352768K, used 352750K [0x00000000d5580000, 0x00000000ee880000, 0x0000000100000000)
  eden space 330240K, 100% used [0x00000000d5580000,0x00000000e9800000,0x00000000e9800000)
  from space 22528K, 99% used [0x00000000eb100000,0x00000000ec6fb980,0x00000000ec700000)
  to   space 25600K, 0% used [0x00000000e9800000,0x00000000e9800000,0x00000000eb100000)
 ParOldGen       total 169984K, used 38070K [0x0000000080000000, 0x000000008a600000, 0x00000000d5580000)
  object space 169984K, 22% used [0x0000000080000000,0x000000008252db70,0x000000008a600000)
 Metaspace       used 78531K, capacity 82254K, committed 82456K, reserved 1120256K
  class space    used 10609K, capacity 11305K, committed 11312K, reserved 1048576K
Event: 44.210 GC heap after
Heap after GC invocations=14 (full 3):
 PSYoungGen      total 355840K, used 15580K [0x00000000d5580000, 0x00000000efe80000, 0x0000000100000000)
  eden space 330240K, 0% used [0x00000000d5580000,0x00000000d5580000,0x00000000e9800000)
  from space 25600K, 60% used [0x00000000e9800000,0x00000000ea7370f0,0x00000000eb100000)
  to   space 25600K, 0% used [0x00000000ee580000,0x00000000ee580000,0x00000000efe80000)
 ParOldGen       total 169984K, used 51875K [0x0000000080000000, 0x000000008a600000, 0x00000000d5580000)
  object space 169984K, 30% used [0x0000000080000000,0x00000000832a8ca0,0x000000008a600000)
 Metaspace       used 78531K, capacity 82254K, committed 82456K, reserved 1120256K
  class space    used 10609K, capacity 11305K, committed 11312K, reserved 1048576K
}
Event: 51.108 GC heap before
{Heap before GC invocations=15 (full 3):
 PSYoungGen      total 355840K, used 345820K [0x00000000d5580000, 0x00000000efe80000, 0x0000000100000000)
  eden space 330240K, 100% used [0x00000000d5580000,0x00000000e9800000,0x00000000e9800000)
  from space 25600K, 60% used [0x00000000e9800000,0x00000000ea7370f0,0x00000000eb100000)
  to   space 25600K, 0% used [0x00000000ee580000,0x00000000ee580000,0x00000000efe80000)
 ParOldGen       total 169984K, used 51875K [0x0000000080000000, 0x000000008a600000, 0x00000000d5580000)
  object space 169984K, 30% used [0x0000000080000000,0x00000000832a8ca0,0x000000008a600000)
 Metaspace       used 87886K, capacity 93060K, committed 93336K, reserved 1130496K
  class space    used 11968K, capacity 12940K, committed 12976K, reserved 1048576K
Event: 51.223 GC heap after
Heap after GC invocations=15 (full 3):
 PSYoungGen      total 392704K, used 25575K [0x00000000d5580000, 0x00000000f1f80000, 0x0000000100000000)
  eden space 367104K, 0% used [0x00000000d5580000,0x00000000d5580000,0x00000000ebc00000)
  from space 25600K, 99% used [0x00000000ee580000,0x00000000efe79ec8,0x00000000efe80000)
  to   space 42496K, 0% used [0x00000000ebc00000,0x00000000ebc00000,0x00000000ee580000)
 ParOldGen       total 169984K, used 87800K [0x0000000080000000, 0x000000008a600000, 0x00000000d5580000)
  object space 169984K, 51% used [0x0000000080000000,0x00000000855be2d8,0x000000008a600000)
 Metaspace       used 87886K, capacity 93060K, committed 93336K, reserved 1130496K
  class space    used 11968K, capacity 12940K, committed 12976K, reserved 1048576K
}
Event: 517.629 GC heap before
{Heap before GC invocations=16 (full 3):
 PSYoungGen      total 392704K, used 346553K [0x00000000d5580000, 0x00000000f1f80000, 0x0000000100000000)
  eden space 367104K, 87% used [0x00000000d5580000,0x00000000e8ef45a8,0x00000000ebc00000)
  from space 25600K, 99% used [0x00000000ee580000,0x00000000efe79ec8,0x00000000efe80000)
  to   space 42496K, 0% used [0x00000000ebc00000,0x00000000ebc00000,0x00000000ee580000)
 ParOldGen       total 169984K, used 87800K [0x0000000080000000, 0x000000008a600000, 0x00000000d5580000)
  object space 169984K, 51% used [0x0000000080000000,0x00000000855be2d8,0x000000008a600000)
 Metaspace       used 92961K, capacity 98454K, committed 98584K, reserved 1134592K
  class space    used 12446K, capacity 13499K, committed 13616K, reserved 1048576K
Event: 517.689 GC heap after
Heap after GC invocations=16 (full 3):
 PSYoungGen      total 409600K, used 13759K [0x00000000d5580000, 0x00000000f3a00000, 0x0000000100000000)
  eden space 367104K, 0% used [0x00000000d5580000,0x00000000d5580000,0x00000000ebc00000)
  from space 42496K, 32% used [0x00000000ebc00000,0x00000000ec96ff40,0x00000000ee580000)
  to   space 40448K, 0% used [0x00000000f1280000,0x00000000f1280000,0x00000000f3a00000)
 ParOldGen       total 169984K, used 107559K [0x0000000080000000, 0x000000008a600000, 0x00000000d5580000)
  object space 169984K, 63% used [0x0000000080000000,0x0000000086909e38,0x000000008a600000)
 Metaspace       used 92961K, capacity 98454K, committed 98584K, reserved 1134592K
  class space    used 12446K, capacity 13499K, committed 13616K, reserved 1048576K
}
Event: 517.689 GC heap before
{Heap before GC invocations=17 (full 4):
 PSYoungGen      total 409600K, used 13759K [0x00000000d5580000, 0x00000000f3a00000, 0x0000000100000000)
  eden space 367104K, 0% used [0x00000000d5580000,0x00000000d5580000,0x00000000ebc00000)
  from space 42496K, 32% used [0x00000000ebc00000,0x00000000ec96ff40,0x00000000ee580000)
  to   space 40448K, 0% used [0x00000000f1280000,0x00000000f1280000,0x00000000f3a00000)
 ParOldGen       total 169984K, used 107559K [0x0000000080000000, 0x000000008a600000, 0x00000000d5580000)
  object space 169984K, 63% used [0x0000000080000000,0x0000000086909e38,0x000000008a600000)
 Metaspace       used 92961K, capacity 98454K, committed 98584K, reserved 1134592K
  class space    used 12446K, capacity 13499K, committed 13616K, reserved 1048576K
Event: 518.036 GC heap after
Heap after GC invocations=17 (full 4):
 PSYoungGen      total 409600K, used 0K [0x00000000d5580000, 0x00000000f3a00000, 0x0000000100000000)
  eden space 367104K, 0% used [0x00000000d5580000,0x00000000d5580000,0x00000000ebc00000)
  from space 42496K, 0% used [0x00000000ebc00000,0x00000000ebc00000,0x00000000ee580000)
  to   space 40448K, 0% used [0x00000000f1280000,0x00000000f1280000,0x00000000f3a00000)
 ParOldGen       total 262144K, used 55628K [0x0000000080000000, 0x0000000090000000, 0x00000000d5580000)
  object space 262144K, 21% used [0x0000000080000000,0x0000000083653018,0x0000000090000000)
 Metaspace       used 92384K, capacity 97120K, committed 98584K, reserved 1134592K
  class space    used 12239K, capacity 13128K, committed 13616K, reserved 1048576K
}
Event: 630.513 GC heap before
{Heap before GC invocations=18 (full 4):
 PSYoungGen      total 409600K, used 367104K [0x00000000d5580000, 0x00000000f3a00000, 0x0000000100000000)
  eden space 367104K, 100% used [0x00000000d5580000,0x00000000ebc00000,0x00000000ebc00000)
  from space 42496K, 0% used [0x00000000ebc00000,0x00000000ebc00000,0x00000000ee580000)
  to   space 40448K, 0% used [0x00000000f1280000,0x00000000f1280000,0x00000000f3a00000)
 ParOldGen       total 262144K, used 55628K [0x0000000080000000, 0x0000000090000000, 0x00000000d5580000)
  object space 262144K, 21% used [0x0000000080000000,0x0000000083653018,0x0000000090000000)
 Metaspace       used 106355K, capacity 112026K, committed 112536K, reserved 1146880K
  class space    used 13998K, capacity 15125K, committed 15280K, reserved 1048576K
Event: 630.558 GC heap after
Heap after GC invocations=18 (full 4):
 PSYoungGen      total 453120K, used 29332K [0x00000000d5580000, 0x00000000f3f80000, 0x0000000100000000)
  eden space 412672K, 0% used [0x00000000d5580000,0x00000000d5580000,0x00000000ee880000)
  from space 40448K, 72% used [0x00000000f1280000,0x00000000f2f253e0,0x00000000f3a00000)
  to   space 43008K, 0% used [0x00000000ee880000,0x00000000ee880000,0x00000000f1280000)
 ParOldGen       total 262144K, used 55636K [0x0000000080000000, 0x0000000090000000, 0x00000000d5580000)
  object space 262144K, 21% used [0x0000000080000000,0x0000000083655018,0x0000000090000000)
 Metaspace       used 106355K, capacity 112026K, committed 112536K, reserved 1146880K
  class space    used 13998K, capacity 15125K, committed 15280K, reserved 1048576K
}

Deoptimization events (10 events):
Event: 634.762 Thread 0x000000002e24e000 Uncommon trap: reason=bimorphic action=maybe_recompile pc=0x0000000005ef7a48 method=com.sun.org.apache.xerces.internal.dom.ParentNode.checkNormalizationAfterInsert(Lcom/sun/org/apache/xerces/internal/dom/ChildNode;)V @ 23
Event: 634.762 Thread 0x000000002e24e000 Uncommon trap: reason=bimorphic action=maybe_recompile pc=0x0000000005d564f4 method=com.sun.org.apache.xerces.internal.dom.ParentNode.checkNormalizationAfterInsert(Lcom/sun/org/apache/xerces/internal/dom/ChildNode;)V @ 23
Event: 634.772 Thread 0x000000002e24e000 Uncommon trap: reason=class_check action=maybe_recompile pc=0x0000000005f3aa2c method=com.sun.org.apache.xerces.internal.dom.ElementImpl.getAttributes()Lorg/w3c/dom/NamedNodeMap; @ 8
Event: 634.785 Thread 0x000000002e24e000 Uncommon trap: reason=class_check action=maybe_recompile pc=0x0000000005f3aa2c method=com.sun.org.apache.xerces.internal.dom.ElementImpl.getAttributes()Lorg/w3c/dom/NamedNodeMap; @ 8
Event: 634.785 Thread 0x000000002e24e000 Uncommon trap: reason=class_check action=maybe_recompile pc=0x0000000005f3aa2c method=com.sun.org.apache.xerces.internal.dom.ElementImpl.getAttributes()Lorg/w3c/dom/NamedNodeMap; @ 8
Event: 634.785 Thread 0x000000002e24e000 Uncommon trap: reason=class_check action=maybe_recompile pc=0x0000000005f3aa2c method=com.sun.org.apache.xerces.internal.dom.ElementImpl.getAttributes()Lorg/w3c/dom/NamedNodeMap; @ 8
Event: 634.817 Thread 0x000000002e24e000 Uncommon trap: reason=null_check action=make_not_entrant pc=0x0000000005ef119c method=com.sun.org.apache.xerces.internal.dom.NamedNodeMapImpl.findNamePoint(Ljava/lang/String;Ljava/lang/String;)I @ 105
Event: 634.853 Thread 0x000000002e24e000 Uncommon trap: reason=unstable_if action=reinterpret pc=0x0000000006043e60 method=com.android.utils.XmlUtils.toXmlAttributeValue(Ljava/lang/String;)Ljava/lang/String; @ 33
Event: 634.853 Thread 0x000000002e24e000 Uncommon trap: reason=unstable_if action=reinterpret pc=0x0000000005f03c78 method=com.android.utils.XmlUtils.toXmlAttributeValue(Ljava/lang/String;)Ljava/lang/String; @ 33
Event: 634.895 Thread 0x000000002e24e000 Uncommon trap: reason=unstable_if action=reinterpret pc=0x000000000603f494 method=com.android.utils.XmlUtils.append(Lcom/android/utils/XmlUtils$PositionAwareStringBuilder;Lorg/w3c/dom/Node;Ljava/util/Map;Ljava/util/Set;)V @ 540

Classes redefined (0 events):
No events

Internal exceptions (10 events):
Event: 633.128 Thread 0x000000002e24e000 Exception <a 'java/lang/NoSuchMethodError': <clinit>> (0x00000000daf987f8) thrown at [C:\src\AOSP-openjdk-git\hotspot\src\share\vm\prims\jni.cpp, line 1615]
Event: 633.184 Thread 0x000000002e24e000 Exception <a 'java/lang/NoSuchMethodError': <clinit>> (0x00000000db1697a8) thrown at [C:\src\AOSP-openjdk-git\hotspot\src\share\vm\prims\jni.cpp, line 1615]
Event: 633.275 Thread 0x000000002e24e000 Implicit null exception at 0x0000000005db19d2 to 0x0000000005db1b49
Event: 633.424 Thread 0x000000002e24e000 Implicit null exception at 0x0000000005f04217 to 0x0000000005f0459d
Event: 633.572 Thread 0x000000002e249800 Exception <a 'java/io/FileNotFoundException'> (0x00000000db3d7090) thrown at [C:\src\AOSP-openjdk-git\hotspot\src\share\vm\prims\jni.cpp, line 710]
Event: 633.743 Thread 0x000000002e249800 Exception <a 'java/io/FileNotFoundException'> (0x00000000dbde6c28) thrown at [C:\src\AOSP-openjdk-git\hotspot\src\share\vm\prims\jni.cpp, line 710]
Event: 634.817 Thread 0x000000002e24e000 Implicit null exception at 0x0000000005ef0be3 to 0x0000000005ef1171
Event: 634.895 Thread 0x000000002e24e000 Implicit null exception at 0x000000000604116d to 0x000000000603f469
Event: 635.014 Thread 0x000000002e24e000 Exception <a 'java/lang/NoSuchMethodError': <clinit>> (0x00000000dde0e330) thrown at [C:\src\AOSP-openjdk-git\hotspot\src\share\vm\prims\jni.cpp, line 1615]
Event: 635.015 Thread 0x000000002e24e000 Exception <a 'java/lang/NoSuchMethodError': <clinit>> (0x00000000dde22a98) thrown at [C:\src\AOSP-openjdk-git\hotspot\src\share\vm\prims\jni.cpp, line 1615]

Events (10 events):
Event: 635.084 Thread 0x000000001770a800 flushing nmethod 0x0000000003dbfcd0
Event: 635.088 Thread 0x000000001770a800 flushing nmethod 0x0000000003ed7990
Event: 635.121 Thread 0x00000000202ae800 Thread added: 0x00000000202ae800
Event: 635.121 Thread 0x00000000202a8000 Thread added: 0x00000000202a8000
Event: 635.126 Thread 0x00000000202af800 Thread added: 0x00000000202af800
Event: 635.126 Thread 0x00000000202a8800 Thread added: 0x00000000202a8800
Event: 635.133 Thread 0x00000000202aa000 Thread added: 0x00000000202aa000
Event: 635.133 Thread 0x00000000202b0000 Thread added: 0x00000000202b0000
Event: 635.139 Thread 0x00000000202b1000 Thread added: 0x00000000202b1000
Event: 635.139 Thread 0x00000000202b1800 Thread added: 0x00000000202b1800


Dynamic libraries:
0x00007ff690b80000 - 0x00007ff690bb1000 	C:\Program Files\Android\Android Studio\jre\bin\java.exe
0x00007fffee0b0000 - 0x00007fffee2a6000 	C:\WINDOWS\SYSTEM32\ntdll.dll
0x00007fffec850000 - 0x00007fffec90d000 	C:\WINDOWS\System32\KERNEL32.DLL
0x00007fffeb7f0000 - 0x00007fffebab9000 	C:\WINDOWS\System32\KERNELBASE.dll
0x00007fffed0c0000 - 0x00007fffed16c000 	C:\WINDOWS\System32\ADVAPI32.dll
0x00007fffec640000 - 0x00007fffec6de000 	C:\WINDOWS\System32\msvcrt.dll
0x00007fffec770000 - 0x00007fffec80c000 	C:\WINDOWS\System32\sechost.dll
0x00007fffec4d0000 - 0x00007fffec5fb000 	C:\WINDOWS\System32\RPCRT4.dll
0x00007fffec250000 - 0x00007fffec3f0000 	C:\WINDOWS\System32\USER32.dll
0x00007fffebcf0000 - 0x00007fffebd12000 	C:\WINDOWS\System32\win32u.dll
0x00007fffed220000 - 0x00007fffed24a000 	C:\WINDOWS\System32\GDI32.dll
0x00007fffebe20000 - 0x00007fffebf2b000 	C:\WINDOWS\System32\gdi32full.dll
0x00007fffec070000 - 0x00007fffec10d000 	C:\WINDOWS\System32\msvcp_win.dll
0x00007fffebd20000 - 0x00007fffebe20000 	C:\WINDOWS\System32\ucrtbase.dll
0x00007fffd8f50000 - 0x00007fffd91eb000 	C:\WINDOWS\WinSxS\amd64_microsoft.windows.common-controls_6595b64144ccf1df_6.0.19041.746_none_ca02b4b61b8320a4\COMCTL32.dll
0x00007fffec600000 - 0x00007fffec630000 	C:\WINDOWS\System32\IMM32.DLL
0x000000006a1b0000 - 0x000000006a282000 	C:\Program Files\Android\Android Studio\jre\jre\bin\msvcr100.dll
0x000000006a290000 - 0x000000006aadb000 	C:\Program Files\Android\Android Studio\jre\jre\bin\server\jvm.dll
0x00007fffec630000 - 0x00007fffec638000 	C:\WINDOWS\System32\PSAPI.DLL
0x00007fffe0280000 - 0x00007fffe02a7000 	C:\WINDOWS\SYSTEM32\WINMM.dll
0x00007fffe6740000 - 0x00007fffe6749000 	C:\WINDOWS\SYSTEM32\WSOCK32.dll
0x00007fffe0670000 - 0x00007fffe067a000 	C:\WINDOWS\SYSTEM32\VERSION.dll
0x00007fffedca0000 - 0x00007fffedd0b000 	C:\WINDOWS\System32\WS2_32.dll
0x00007fffe6260000 - 0x00007fffe626f000 	C:\Program Files\Android\Android Studio\jre\jre\bin\verify.dll
0x00007fffe1ac0000 - 0x00007fffe1ae9000 	C:\Program Files\Android\Android Studio\jre\jre\bin\java.dll
0x00007fffe41a0000 - 0x00007fffe41b6000 	C:\Program Files\Android\Android Studio\jre\jre\bin\zip.dll
0x00007fffec970000 - 0x00007fffed0b3000 	C:\WINDOWS\System32\SHELL32.dll
0x00007fffe9950000 - 0x00007fffea0df000 	C:\WINDOWS\SYSTEM32\windows.storage.dll
0x00007fffedd10000 - 0x00007fffee066000 	C:\WINDOWS\System32\combase.dll
0x00007fffeb180000 - 0x00007fffeb1ac000 	C:\WINDOWS\SYSTEM32\Wldp.dll
0x00007fffed170000 - 0x00007fffed21e000 	C:\WINDOWS\System32\SHCORE.dll
0x00007fffec910000 - 0x00007fffec965000 	C:\WINDOWS\System32\shlwapi.dll
0x00007fffeb720000 - 0x00007fffeb746000 	C:\WINDOWS\SYSTEM32\profapi.dll
0x00007fffe3530000 - 0x00007fffe354a000 	C:\Program Files\Android\Android Studio\jre\jre\bin\net.dll
0x00007fffeaf00000 - 0x00007fffeaf6a000 	C:\WINDOWS\system32\mswsock.dll
0x00007fffe1e10000 - 0x00007fffe1e23000 	C:\Program Files\Android\Android Studio\jre\jre\bin\nio.dll
0x00007fffde260000 - 0x00007fffde287000 	C:\Users\lenovo\.gradle\native\f6784746aeab05261644944871eae4fe03e0ef1612fff0a4a95f87b438bc6780\windows-amd64\native-platform.dll
0x00007fffe51d0000 - 0x00007fffe51dd000 	C:\Program Files\Android\Android Studio\jre\jre\bin\management.dll
0x00007fffeb0d0000 - 0x00007fffeb0e8000 	C:\WINDOWS\SYSTEM32\CRYPTSP.dll
0x00007fffea8a0000 - 0x00007fffea8d4000 	C:\WINDOWS\system32\rsaenh.dll
0x00007fffebf30000 - 0x00007fffebf57000 	C:\WINDOWS\System32\bcrypt.dll
0x00007fffeb690000 - 0x00007fffeb6be000 	C:\WINDOWS\SYSTEM32\USERENV.dll
0x00007fffebc70000 - 0x00007fffebcf0000 	C:\WINDOWS\System32\bcryptprimitives.dll
0x00007fffeb0f0000 - 0x00007fffeb0fc000 	C:\WINDOWS\SYSTEM32\CRYPTBASE.dll
0x00007fffeabf0000 - 0x00007fffeac2b000 	C:\WINDOWS\SYSTEM32\IPHLPAPI.DLL
0x00007fffec840000 - 0x00007fffec848000 	C:\WINDOWS\System32\NSI.dll
0x00007fffe2d10000 - 0x00007fffe2d27000 	C:\WINDOWS\SYSTEM32\dhcpcsvc6.DLL
0x00007fffe3290000 - 0x00007fffe32ad000 	C:\WINDOWS\SYSTEM32\dhcpcsvc.DLL
0x00007fffeac30000 - 0x00007fffeacfb000 	C:\WINDOWS\SYSTEM32\DNSAPI.dll
0x00007fffe3aa0000 - 0x00007fffe3aab000 	C:\WINDOWS\SYSTEM32\WINNSI.DLL
0x00007fffb9f30000 - 0x00007fffba0cc000 	C:\Program Files\Android\Android Studio\jre\jre\bin\awt.dll
0x00007fffed4a0000 - 0x00007fffed56d000 	C:\WINDOWS\System32\OLEAUT32.dll
0x00007fffe9640000 - 0x00007fffe966f000 	C:\WINDOWS\SYSTEM32\dwmapi.dll
0x00007fffe7600000 - 0x00007fffe7bc0000 	C:\WINDOWS\SYSTEM32\d2d1.dll
0x00007fffe90c0000 - 0x00007fffe9150000 	C:\WINDOWS\SYSTEM32\apphelp.dll
0x00007fffe9290000 - 0x00007fffe932e000 	C:\WINDOWS\system32\uxtheme.dll

VM Arguments:
jvm_args: -Xmx2048m -Dfile.encoding=UTF-8 -Duser.country=US -Duser.language=en -Duser.variant 
java_command: org.gradle.launcher.daemon.bootstrap.GradleDaemon 6.5
java_class_path (initial): C:\Users\lenovo\.gradle\wrapper\dists\gradle-6.5-bin\6nifqtx7604sqp1q6g8wikw7p\gradle-6.5\lib\gradle-launcher-6.5.jar
Launcher Type: SUN_STANDARD

Environment Variables:
JAVA_HOME=C:\Program Files\Java\jdk-15.0.1\bin
PATH=C:\Program Files\Common Files\Oracle\Java\javapath;C:\WINDOWS\system32;C:\WINDOWS;C:\WINDOWS\System32\Wbem;C:\WINDOWS\System32\WindowsPowerShell\v1.0\;C:\WINDOWS\System32\OpenSSH\;C:\MinGW\bin;C:\Program Files\Git\cmd;C:\Program Files\Java\jdk-15.0.2\bin;C:\Users\lenovo\AppData\Local\Microsoft\WindowsApps;C:\Program Files\JetBrains\IntelliJ IDEA Community Edition 2020.2.3\bin;C:\Program Files\CodeBlocks\MinGW\bin
USERNAME=lenovo
OS=Windows_NT
PROCESSOR_IDENTIFIER=Intel64 Family 6 Model 78 Stepping 3, GenuineIntel



---------------  S Y S T E M  ---------------

OS: Windows 10.0 , 64 bit Build 19041 (10.0.19041.662)

CPU:total 4 (initial active 4) (2 cores per cpu, 2 threads per core) family 6 model 78 stepping 3, cmov, cx8, fxsr, mmx, sse, sse2, sse3, ssse3, sse4.1, sse4.2, popcnt, avx, avx2, aes, clmul, erms, 3dnowpref, lzcnt, ht, tsc, tscinvbit, bmi1, bmi2, adx

Memory: 4k page, physical 12375096k(1339640k free), swap 16070712k(11404k free)

vm_info: OpenJDK 64-Bit Server VM (25.242-b01) for windows-amd64 JRE (1.8.0_242-release-1644-b01), built by "builder" with MS VC++ 10.0 (VS2010)

time: Thu Feb 11 14:32:55 2021
timezone: Pakistan Standard Time
elapsed time: 635 seconds (0d 0h 10m 35s)

